# JRE version: OpenJDK Runtime Environment Microsoft-10376486 (17.0.13+11) (build 17.0.13+11-LTS)
# Java VM: OpenJDK 64-Bit Server VM Microsoft-10376486 (17.0.13+11-LTS, mixed mode, sharing, tiered, compressed oops, compressed class ptrs, g1 gc, windows-amd64)
GC Precious Log:
 CPUs: 8 total, 8 available
 Memory: 16226M
 Large Page Support: Disabled
 NUMA Support: Disabled
 Compressed Oops: Enabled (32-bit)
 Heap Region Size: 1M
 Heap Min Capacity: 8M
 Heap Initial Capacity: 254M
 Heap Max Capacity: 2G
 Pre-touch: Disabled
 Parallel Workers: 8
 Concurrent Workers: 2
 Concurrent Refinement Workers: 8
 Periodic GC: Disabled
Heap:
 garbage-first heap   total 190464K, used 94927K [0x0000000080000000, 0x0000000100000000)
  region size 1024K, 11 young (11264K), 9 survivors (9216K)
 Metaspace       used 72407K, committed 73344K, reserved 491520K
  class space    used 10244K, committed 10688K, reserved 425984K
GC Heap History (20 events):
Event: 22.110 GC heap before
{Heap before GC invocations=23 (full 0):
 garbage-first heap   total 102400K, used 82088K [0x0000000080000000, 0x0000000100000000)
  region size 1024K, 26 young (26624K), 1 survivors (1024K)
 Metaspace       used 60573K, committed 61184K, reserved 491520K
  class space    used 8578K, committed 8896K, reserved 425984K
}
Event: 22.113 GC heap after
{Heap after GC invocations=24 (full 0):
 garbage-first heap   total 102400K, used 57273K [0x0000000080000000, 0x0000000100000000)
  region size 1024K, 1 young (1024K), 1 survivors (1024K)
 Metaspace       used 60573K, committed 61184K, reserved 491520K
  class space    used 8578K, committed 8896K, reserved 425984K
}
Event: 22.915 GC heap before
{Heap before GC invocations=25 (full 0):
 garbage-first heap   total 102400K, used 86969K [0x0000000080000000, 0x0000000100000000)
  region size 1024K, 27 young (27648K), 1 survivors (1024K)
 Metaspace       used 62054K, committed 62784K, reserved 491520K
  class space    used 8811K, committed 9152K, reserved 425984K
}
Event: 22.918 GC heap after
{Heap after GC invocations=26 (full 0):
 garbage-first heap   total 102400K, used 61399K [0x0000000080000000, 0x0000000100000000)
  region size 1024K, 2 young (2048K), 2 survivors (2048K)
 Metaspace       used 62054K, committed 62784K, reserved 491520K
  class space    used 8811K, committed 9152K, reserved 425984K
}
Event: 23.001 GC heap before
{Heap before GC invocations=26 (full 0):
 garbage-first heap   total 102400K, used 63447K [0x0000000080000000, 0x0000000100000000)
  region size 1024K, 5 young (5120K), 2 survivors (2048K)
 Metaspace       used 62217K, committed 62912K, reserved 491520K
  class space    used 8841K, committed 9152K, reserved 425984K
}
Event: 23.005 GC heap after
{Heap after GC invocations=27 (full 0):
 garbage-first heap   total 102400K, used 61247K [0x0000000080000000, 0x0000000100000000)
  region size 1024K, 1 young (1024K), 1 survivors (1024K)
 Metaspace       used 62217K, committed 62912K, reserved 491520K
  class space    used 8841K, committed 9152K, reserved 425984K
}
Event: 23.773 GC heap before
{Heap before GC invocations=27 (full 0):
 garbage-first heap   total 102400K, used 83775K [0x0000000080000000, 0x0000000100000000)
  region size 1024K, 24 young (24576K), 1 survivors (1024K)
 Metaspace       used 63207K, committed 63936K, reserved 491520K
  class space    used 8995K, committed 9344K, reserved 425984K
}
Event: 23.777 GC heap after
{Heap after GC invocations=28 (full 0):
 garbage-first heap   total 102400K, used 63717K [0x0000000080000000, 0x0000000100000000)
  region size 1024K, 3 young (3072K), 3 survivors (3072K)
 Metaspace       used 63207K, committed 63936K, reserved 491520K
  class space    used 8995K, committed 9344K, reserved 425984K
}
Event: 24.421 GC heap before
{Heap before GC invocations=29 (full 0):
 garbage-first heap   total 111616K, used 83173K [0x0000000080000000, 0x0000000100000000)
  region size 1024K, 23 young (23552K), 3 survivors (3072K)
 Metaspace       used 64117K, committed 64832K, reserved 491520K
  class space    used 9108K, committed 9472K, reserved 425984K
}
Event: 24.426 GC heap after
{Heap after GC invocations=30 (full 0):
 garbage-first heap   total 111616K, used 65213K [0x0000000080000000, 0x0000000100000000)
  region size 1024K, 3 young (3072K), 3 survivors (3072K)
 Metaspace       used 64117K, committed 64832K, reserved 491520K
  class space    used 9108K, committed 9472K, reserved 425984K
}
Event: 24.558 GC heap before
{Heap before GC invocations=30 (full 0):
 garbage-first heap   total 111616K, used 67261K [0x0000000080000000, 0x0000000100000000)
  region size 1024K, 5 young (5120K), 3 survivors (3072K)
 Metaspace       used 64223K, committed 64960K, reserved 491520K
  class space    used 9120K, committed 9472K, reserved 425984K
}
Event: 24.562 GC heap after
{Heap after GC invocations=31 (full 0):
 garbage-first heap   total 111616K, used 65419K [0x0000000080000000, 0x0000000100000000)
  region size 1024K, 1 young (1024K), 1 survivors (1024K)
 Metaspace       used 64223K, committed 64960K, reserved 491520K
  class space    used 9120K, committed 9472K, reserved 425984K
}
Event: 25.476 GC heap before
{Heap before GC invocations=31 (full 0):
 garbage-first heap   total 111616K, used 89995K [0x0000000080000000, 0x0000000100000000)
  region size 1024K, 26 young (26624K), 1 survivors (1024K)
 Metaspace       used 65431K, committed 66240K, reserved 491520K
  class space    used 9285K, committed 9664K, reserved 425984K
}
Event: 25.482 GC heap after
{Heap after GC invocations=32 (full 0):
 garbage-first heap   total 190464K, used 68700K [0x0000000080000000, 0x0000000100000000)
  region size 1024K, 4 young (4096K), 4 survivors (4096K)
 Metaspace       used 65431K, committed 66240K, reserved 491520K
  class space    used 9285K, committed 9664K, reserved 425984K
}
Event: 27.451 GC heap before
{Heap before GC invocations=32 (full 0):
 garbage-first heap   total 190464K, used 137308K [0x0000000080000000, 0x0000000100000000)
  region size 1024K, 71 young (72704K), 4 survivors (4096K)
 Metaspace       used 70143K, committed 70848K, reserved 491520K
  class space    used 10033K, committed 10368K, reserved 425984K
}
Event: 27.464 GC heap after
{Heap after GC invocations=33 (full 0):
 garbage-first heap   total 190464K, used 73898K [0x0000000080000000, 0x0000000100000000)
  region size 1024K, 9 young (9216K), 9 survivors (9216K)
 Metaspace       used 70143K, committed 70848K, reserved 491520K
  class space    used 10033K, committed 10368K, reserved 425984K
}
Event: 29.524 GC heap before
{Heap before GC invocations=33 (full 0):
 garbage-first heap   total 190464K, used 140458K [0x0000000080000000, 0x0000000100000000)
  region size 1024K, 75 young (76800K), 9 survivors (9216K)
 Metaspace       used 72169K, committed 73088K, reserved 491520K
  class space    used 10235K, committed 10688K, reserved 425984K
}
Event: 29.540 GC heap after
{Heap after GC invocations=34 (full 0):
 garbage-first heap   total 190464K, used 80053K [0x0000000080000000, 0x0000000100000000)
  region size 1024K, 10 young (10240K), 10 survivors (10240K)
 Metaspace       used 72169K, committed 73088K, reserved 491520K
  class space    used 10235K, committed 10688K, reserved 425984K
}
Event: 30.177 GC heap before
{Heap before GC invocations=34 (full 0):
 garbage-first heap   total 190464K, used 143541K [0x0000000080000000, 0x0000000100000000)
  region size 1024K, 73 young (74752K), 10 survivors (10240K)
 Metaspace       used 72345K, committed 73216K, reserved 491520K
  class space    used 10235K, committed 10688K, reserved 425984K
}
Event: 30.188 GC heap after
{Heap after GC invocations=35 (full 0):
 garbage-first heap   total 190464K, used 84239K [0x0000000080000000, 0x0000000100000000)
  region size 1024K, 5 young (5120K), 5 survivors (5120K)
 Metaspace       used 72345K, committed 73216K, reserved 491520K
  class space    used 10235K, committed 10688K, reserved 425984K
}

