# JRE version: OpenJDK Runtime Environment Microsoft-10376486 (17.0.13+11) (build 17.0.13+11-LTS)
# Java VM: OpenJDK 64-Bit Server VM Microsoft-10376486 (17.0.13+11-LTS, mixed mode, sharing, tiered, compressed oops, compressed class ptrs, g1 gc, windows-amd64)
GC Precious Log:
 CPUs: 8 total, 8 available
 Memory: 16226M
 Large Page Support: Disabled
 NUMA Support: Disabled
 Compressed Oops: Enabled (32-bit)
 Heap Region Size: 1M
 Heap Min Capacity: 8M
 Heap Initial Capacity: 254M
 Heap Max Capacity: 2G
 Pre-touch: Disabled
 Parallel Workers: 8
 Concurrent Workers: 2
 Concurrent Refinement Workers: 8
 Periodic GC: Disabled
Heap:
 garbage-first heap   total 312320K, used 197632K [0x0000000080000000, 0x0000000100000000)
  region size 1024K, 26 young (26624K), 11 survivors (11264K)
 Metaspace       used 103350K, committed 104640K, reserved 557056K
  class space    used 14418K, committed 15040K, reserved 425984K
GC Heap History (20 events):
Event: 37.198 GC heap before
{Heap before GC invocations=39 (full 0):
 garbage-first heap   total 150528K, used 90379K [0x0000000080000000, 0x0000000100000000)
  region size 1024K, 9 young (9216K), 4 survivors (4096K)
 Metaspace       used 72350K, committed 73216K, reserved 491520K
  class space    used 10257K, committed 10688K, reserved 425984K
}
Event: 37.201 GC heap after
{Heap after GC invocations=40 (full 0):
 garbage-first heap   total 312320K, used 86927K [0x0000000080000000, 0x0000000100000000)
  region size 1024K, 1 young (1024K), 1 survivors (1024K)
 Metaspace       used 72350K, committed 73216K, reserved 491520K
  class space    used 10257K, committed 10688K, reserved 425984K
}
Event: 39.228 GC heap before
{Heap before GC invocations=40 (full 0):
 garbage-first heap   total 312320K, used 241551K [0x0000000080000000, 0x0000000100000000)
  region size 1024K, 141 young (144384K), 1 survivors (1024K)
 Metaspace       used 82437K, committed 83392K, reserved 557056K
  class space    used 11422K, committed 11904K, reserved 425984K
}
Event: 39.235 GC heap after
{Heap after GC invocations=41 (full 0):
 garbage-first heap   total 312320K, used 106648K [0x0000000080000000, 0x0000000100000000)
  region size 1024K, 14 young (14336K), 14 survivors (14336K)
 Metaspace       used 82437K, committed 83392K, reserved 557056K
  class space    used 11422K, committed 11904K, reserved 425984K
}
Event: 41.253 GC heap before
{Heap before GC invocations=41 (full 0):
 garbage-first heap   total 312320K, used 241816K [0x0000000080000000, 0x0000000100000000)
  region size 1024K, 144 young (147456K), 14 survivors (14336K)
 Metaspace       used 88828K, committed 89856K, reserved 557056K
  class space    used 12338K, committed 12864K, reserved 425984K
}
Event: 41.262 GC heap after
{Heap after GC invocations=42 (full 0):
 garbage-first heap   total 312320K, used 115761K [0x0000000080000000, 0x0000000100000000)
  region size 1024K, 8 young (8192K), 8 survivors (8192K)
 Metaspace       used 88828K, committed 89856K, reserved 557056K
  class space    used 12338K, committed 12864K, reserved 425984K
}
Event: 43.305 GC heap before
{Heap before GC invocations=42 (full 0):
 garbage-first heap   total 312320K, used 245809K [0x0000000080000000, 0x0000000100000000)
  region size 1024K, 135 young (138240K), 8 survivors (8192K)
 Metaspace       used 96557K, committed 97600K, reserved 557056K
  class space    used 13527K, committed 14016K, reserved 425984K
}
Event: 43.313 GC heap after
{Heap after GC invocations=43 (full 0):
 garbage-first heap   total 312320K, used 120203K [0x0000000080000000, 0x0000000100000000)
  region size 1024K, 12 young (12288K), 12 survivors (12288K)
 Metaspace       used 96557K, committed 97600K, reserved 557056K
  class space    used 13527K, committed 14016K, reserved 425984K
}
Event: 47.812 GC heap before
{Heap before GC invocations=43 (full 0):
 garbage-first heap   total 312320K, used 250251K [0x0000000080000000, 0x0000000100000000)
  region size 1024K, 140 young (143360K), 12 survivors (12288K)
 Metaspace       used 100171K, committed 101312K, reserved 557056K
  class space    used 13979K, committed 14528K, reserved 425984K
}
Event: 47.828 GC heap after
{Heap after GC invocations=44 (full 0):
 garbage-first heap   total 312320K, used 128106K [0x0000000080000000, 0x0000000100000000)
  region size 1024K, 13 young (13312K), 13 survivors (13312K)
 Metaspace       used 100171K, committed 101312K, reserved 557056K
  class space    used 13979K, committed 14528K, reserved 425984K
}
Event: 50.391 GC heap before
{Heap before GC invocations=44 (full 0):
 garbage-first heap   total 312320K, used 256106K [0x0000000080000000, 0x0000000100000000)
  region size 1024K, 135 young (138240K), 13 survivors (13312K)
 Metaspace       used 101744K, committed 102912K, reserved 557056K
  class space    used 14229K, committed 14784K, reserved 425984K
}
Event: 50.403 GC heap after
{Heap after GC invocations=45 (full 0):
 garbage-first heap   total 312320K, used 141840K [0x0000000080000000, 0x0000000100000000)
  region size 1024K, 17 young (17408K), 17 survivors (17408K)
 Metaspace       used 101744K, committed 102912K, reserved 557056K
  class space    used 14229K, committed 14784K, reserved 425984K
}
Event: 53.243 GC heap before
{Heap before GC invocations=45 (full 0):
 garbage-first heap   total 312320K, used 251408K [0x0000000080000000, 0x0000000100000000)
  region size 1024K, 124 young (126976K), 17 survivors (17408K)
 Metaspace       used 102015K, committed 103104K, reserved 557056K
  class space    used 14251K, committed 14784K, reserved 425984K
}
Event: 54.176 GC heap after
{Heap after GC invocations=46 (full 0):
 garbage-first heap   total 312320K, used 152497K [0x0000000080000000, 0x0000000100000000)
  region size 1024K, 12 young (12288K), 12 survivors (12288K)
 Metaspace       used 102015K, committed 103104K, reserved 557056K
  class space    used 14251K, committed 14784K, reserved 425984K
}
Event: 64.706 GC heap before
{Heap before GC invocations=46 (full 0):
 garbage-first heap   total 312320K, used 255921K [0x0000000080000000, 0x0000000100000000)
  region size 1024K, 109 young (111616K), 12 survivors (12288K)
 Metaspace       used 102634K, committed 103808K, reserved 557056K
  class space    used 14338K, committed 14912K, reserved 425984K
}
Event: 64.715 GC heap after
{Heap after GC invocations=47 (full 0):
 garbage-first heap   total 312320K, used 168704K [0x0000000080000000, 0x0000000100000000)
  region size 1024K, 14 young (14336K), 14 survivors (14336K)
 Metaspace       used 102634K, committed 103808K, reserved 557056K
  class space    used 14338K, committed 14912K, reserved 425984K
}
Event: 65.027 GC heap before
{Heap before GC invocations=47 (full 0):
 garbage-first heap   total 312320K, used 251648K [0x0000000080000000, 0x0000000100000000)
  region size 1024K, 96 young (98304K), 14 survivors (14336K)
 Metaspace       used 102636K, committed 103872K, reserved 557056K
  class space    used 14338K, committed 14912K, reserved 425984K
}
Event: 65.034 GC heap after
{Heap after GC invocations=48 (full 0):
 garbage-first heap   total 312320K, used 172563K [0x0000000080000000, 0x0000000100000000)
  region size 1024K, 6 young (6144K), 6 survivors (6144K)
 Metaspace       used 102636K, committed 103872K, reserved 557056K
  class space    used 14338K, committed 14912K, reserved 425984K
}
Event: 67.401 GC heap before
{Heap before GC invocations=48 (full 0):
 garbage-first heap   total 312320K, used 259603K [0x0000000080000000, 0x0000000100000000)
  region size 1024K, 88 young (90112K), 6 survivors (6144K)
 Metaspace       used 103009K, committed 104192K, reserved 557056K
  class space    used 14371K, committed 14912K, reserved 425984K
}
Event: 67.408 GC heap after
{Heap after GC invocations=49 (full 0):
 garbage-first heap   total 312320K, used 183296K [0x0000000080000000, 0x0000000100000000)
  region size 1024K, 11 young (11264K), 11 survivors (11264K)
 Metaspace       used 103009K, committed 104192K, reserved 557056K
  class space    used 14371K, committed 14912K, reserved 425984K
}

