# JRE version: OpenJDK Runtime Environment Microsoft-10376486 (17.0.13+11) (build 17.0.13+11-LTS)
# Java VM: OpenJDK 64-Bit Server VM Microsoft-10376486 (17.0.13+11-LTS, mixed mode, sharing, tiered, compressed oops, compressed class ptrs, g1 gc, windows-amd64)
GC Precious Log:
 CPUs: 8 total, 8 available
 Memory: 16226M
 Large Page Support: Disabled
 NUMA Support: Disabled
 Compressed Oops: Enabled (32-bit)
 Heap Region Size: 1M
 Heap Min Capacity: 8M
 Heap Initial Capacity: 254M
 Heap Max Capacity: 2G
 Pre-touch: Disabled
 Parallel Workers: 8
 Concurrent Workers: 2
 Concurrent Refinement Workers: 8
 Periodic GC: Disabled
Heap:
 garbage-first heap   total 233472K, used 134121K [0x0000000080000000, 0x0000000100000000)
  region size 1024K, 39 young (39936K), 13 survivors (13312K)
 Metaspace       used 90397K, committed 91264K, reserved 557056K
  class space    used 12251K, committed 12672K, reserved 425984K
GC Heap History (20 events):
Event: 28.836 GC heap before
{Heap before GC invocations=25 (full 0):
 garbage-first heap   total 109568K, used 91204K [0x0000000080000000, 0x0000000100000000)
  region size 1024K, 27 young (27648K), 1 survivors (1024K)
 Metaspace       used 67753K, committed 68416K, reserved 491520K
  class space    used 9487K, committed 9792K, reserved 425984K
}
Event: 28.838 GC heap after
{Heap after GC invocations=26 (full 0):
 garbage-first heap   total 109568K, used 65704K [0x0000000080000000, 0x0000000100000000)
  region size 1024K, 2 young (2048K), 2 survivors (2048K)
 Metaspace       used 67753K, committed 68416K, reserved 491520K
  class space    used 9487K, committed 9792K, reserved 425984K
}
Event: 28.865 GC heap before
{Heap before GC invocations=26 (full 0):
 garbage-first heap   total 109568K, used 68776K [0x0000000080000000, 0x0000000100000000)
  region size 1024K, 5 young (5120K), 2 survivors (2048K)
 Metaspace       used 67912K, committed 68608K, reserved 491520K
  class space    used 9508K, committed 9856K, reserved 425984K
}
Event: 28.868 GC heap after
{Heap after GC invocations=27 (full 0):
 garbage-first heap   total 109568K, used 65405K [0x0000000080000000, 0x0000000100000000)
  region size 1024K, 1 young (1024K), 1 survivors (1024K)
 Metaspace       used 67912K, committed 68608K, reserved 491520K
  class space    used 9508K, committed 9856K, reserved 425984K
}
Event: 29.421 GC heap before
{Heap before GC invocations=27 (full 0):
 garbage-first heap   total 109568K, used 92029K [0x0000000080000000, 0x0000000100000000)
  region size 1024K, 27 young (27648K), 1 survivors (1024K)
 Metaspace       used 69282K, committed 69952K, reserved 491520K
  class space    used 9720K, committed 9984K, reserved 425984K
}
Event: 29.423 GC heap after
{Heap after GC invocations=28 (full 0):
 garbage-first heap   total 109568K, used 66079K [0x0000000080000000, 0x0000000100000000)
  region size 1024K, 1 young (1024K), 1 survivors (1024K)
 Metaspace       used 69282K, committed 69952K, reserved 491520K
  class space    used 9720K, committed 9984K, reserved 425984K
}
Event: 30.029 GC heap before
{Heap before GC invocations=29 (full 0):
 garbage-first heap   total 116736K, used 91679K [0x0000000080000000, 0x0000000100000000)
  region size 1024K, 26 young (26624K), 1 survivors (1024K)
 Metaspace       used 70292K, committed 70976K, reserved 491520K
  class space    used 9866K, committed 10176K, reserved 425984K
}
Event: 30.033 GC heap after
{Heap after GC invocations=30 (full 0):
 garbage-first heap   total 116736K, used 69160K [0x0000000080000000, 0x0000000100000000)
  region size 1024K, 4 young (4096K), 4 survivors (4096K)
 Metaspace       used 70292K, committed 70976K, reserved 491520K
  class space    used 9866K, committed 10176K, reserved 425984K
}
Event: 30.075 GC heap before
{Heap before GC invocations=30 (full 0):
 garbage-first heap   total 116736K, used 70184K [0x0000000080000000, 0x0000000100000000)
  region size 1024K, 5 young (5120K), 4 survivors (4096K)
 Metaspace       used 70366K, committed 71040K, reserved 491520K
  class space    used 9872K, committed 10176K, reserved 425984K
}
Event: 30.078 GC heap after
{Heap after GC invocations=31 (full 0):
 garbage-first heap   total 116736K, used 69064K [0x0000000080000000, 0x0000000100000000)
  region size 1024K, 1 young (1024K), 1 survivors (1024K)
 Metaspace       used 70366K, committed 71040K, reserved 491520K
  class space    used 9872K, committed 10176K, reserved 425984K
}
Event: 30.966 GC heap before
{Heap before GC invocations=31 (full 0):
 garbage-first heap   total 116736K, used 95688K [0x0000000080000000, 0x0000000100000000)
  region size 1024K, 28 young (28672K), 1 survivors (1024K)
 Metaspace       used 71396K, committed 72128K, reserved 491520K
  class space    used 9987K, committed 10304K, reserved 425984K
}
Event: 30.969 GC heap after
{Heap after GC invocations=32 (full 0):
 garbage-first heap   total 233472K, used 72860K [0x0000000080000000, 0x0000000100000000)
  region size 1024K, 4 young (4096K), 4 survivors (4096K)
 Metaspace       used 71396K, committed 72128K, reserved 491520K
  class space    used 9987K, committed 10304K, reserved 425984K
}
Event: 35.627 GC heap before
{Heap before GC invocations=32 (full 0):
 garbage-first heap   total 233472K, used 179356K [0x0000000080000000, 0x0000000100000000)
  region size 1024K, 107 young (109568K), 4 survivors (4096K)
 Metaspace       used 80222K, committed 81024K, reserved 557056K
  class space    used 11140K, committed 11520K, reserved 425984K
}
Event: 35.637 GC heap after
{Heap after GC invocations=33 (full 0):
 garbage-first heap   total 233472K, used 80028K [0x0000000080000000, 0x0000000100000000)
  region size 1024K, 11 young (11264K), 11 survivors (11264K)
 Metaspace       used 80222K, committed 81024K, reserved 557056K
  class space    used 11140K, committed 11520K, reserved 425984K
}
Event: 67.056 GC heap before
{Heap before GC invocations=33 (full 0):
 garbage-first heap   total 233472K, used 180380K [0x0000000080000000, 0x0000000100000000)
  region size 1024K, 110 young (112640K), 11 survivors (11264K)
 Metaspace       used 83513K, committed 84416K, reserved 557056K
  class space    used 11490K, committed 11904K, reserved 425984K
}
Event: 67.070 GC heap after
{Heap after GC invocations=34 (full 0):
 garbage-first heap   total 233472K, used 87171K [0x0000000080000000, 0x0000000100000000)
  region size 1024K, 10 young (10240K), 10 survivors (10240K)
 Metaspace       used 83513K, committed 84416K, reserved 557056K
  class space    used 11490K, committed 11904K, reserved 425984K
}
Event: 68.643 GC heap before
{Heap before GC invocations=34 (full 0):
 garbage-first heap   total 233472K, used 181379K [0x0000000080000000, 0x0000000100000000)
  region size 1024K, 103 young (105472K), 10 survivors (10240K)
 Metaspace       used 83553K, committed 84416K, reserved 557056K
  class space    used 11491K, committed 11904K, reserved 425984K
}
Event: 68.652 GC heap after
{Heap after GC invocations=35 (full 0):
 garbage-first heap   total 233472K, used 89449K [0x0000000080000000, 0x0000000100000000)
  region size 1024K, 6 young (6144K), 6 survivors (6144K)
 Metaspace       used 83553K, committed 84416K, reserved 557056K
  class space    used 11491K, committed 11904K, reserved 425984K
}
Event: 75.580 GC heap before
{Heap before GC invocations=35 (full 0):
 garbage-first heap   total 233472K, used 190825K [0x0000000080000000, 0x0000000100000000)
  region size 1024K, 99 young (101376K), 6 survivors (6144K)
 Metaspace       used 89458K, committed 90368K, reserved 557056K
  class space    used 12121K, committed 12544K, reserved 425984K
}
Event: 75.586 GC heap after
{Heap after GC invocations=36 (full 0):
 garbage-first heap   total 233472K, used 103401K [0x0000000080000000, 0x0000000100000000)
  region size 1024K, 13 young (13312K), 13 survivors (13312K)
 Metaspace       used 89458K, committed 90368K, reserved 557056K
  class space    used 12121K, committed 12544K, reserved 425984K
}

