# JRE version: OpenJDK Runtime Environment Microsoft-10376486 (17.0.13+11) (build 17.0.13+11-LTS)
# Java VM: OpenJDK 64-Bit Server VM Microsoft-10376486 (17.0.13+11-LTS, mixed mode, sharing, tiered, compressed oops, compressed class ptrs, g1 gc, windows-amd64)
GC Precious Log:
 CPUs: 8 total, 8 available
 Memory: 16226M
 Large Page Support: Disabled
 NUMA Support: Disabled
 Compressed Oops: Enabled (32-bit)
 Heap Region Size: 1M
 Heap Min Capacity: 8M
 Heap Initial Capacity: 254M
 Heap Max Capacity: 2G
 Pre-touch: Disabled
 Parallel Workers: 8
 Concurrent Workers: 2
 Concurrent Refinement Workers: 8
 Periodic GC: Disabled
Heap:
 garbage-first heap   total 343040K, used 246631K [0x0000000080000000, 0x0000000100000000)
  region size 1024K, 12 young (12288K), 7 survivors (7168K)
 Metaspace       used 111918K, committed 113216K, reserved 557056K
  class space    used 15429K, committed 16000K, reserved 425984K
GC Heap History (20 events):
Event: 70.294 GC heap before
{Heap before GC invocations=71 (full 0):
 garbage-first heap   total 253952K, used 219922K [0x0000000080000000, 0x0000000100000000)
  region size 1024K, 17 young (17408K), 3 survivors (3072K)
 Metaspace       used 108817K, committed 110080K, reserved 557056K
  class space    used 15063K, committed 15680K, reserved 425984K
}
Event: 70.301 GC heap after
{Heap after GC invocations=72 (full 0):
 garbage-first heap   total 253952K, used 209158K [0x0000000080000000, 0x0000000100000000)
  region size 1024K, 3 young (3072K), 3 survivors (3072K)
 Metaspace       used 108817K, committed 110080K, reserved 557056K
  class space    used 15063K, committed 15680K, reserved 425984K
}
Event: 70.379 GC heap before
{Heap before GC invocations=72 (full 0):
 garbage-first heap   total 253952K, used 220422K [0x0000000080000000, 0x0000000100000000)
  region size 1024K, 15 young (15360K), 3 survivors (3072K)
 Metaspace       used 108819K, committed 110080K, reserved 557056K
  class space    used 15063K, committed 15680K, reserved 425984K
}
Event: 70.383 GC heap after
{Heap after GC invocations=73 (full 0):
 garbage-first heap   total 253952K, used 209957K [0x0000000080000000, 0x0000000100000000)
  region size 1024K, 2 young (2048K), 2 survivors (2048K)
 Metaspace       used 108819K, committed 110080K, reserved 557056K
  class space    used 15063K, committed 15680K, reserved 425984K
}
Event: 70.463 GC heap before
{Heap before GC invocations=73 (full 0):
 garbage-first heap   total 253952K, used 220197K [0x0000000080000000, 0x0000000100000000)
  region size 1024K, 13 young (13312K), 2 survivors (2048K)
 Metaspace       used 108819K, committed 110080K, reserved 557056K
  class space    used 15063K, committed 15680K, reserved 425984K
}
Event: 70.467 GC heap after
{Heap after GC invocations=74 (full 0):
 garbage-first heap   total 253952K, used 210825K [0x0000000080000000, 0x0000000100000000)
  region size 1024K, 2 young (2048K), 2 survivors (2048K)
 Metaspace       used 108819K, committed 110080K, reserved 557056K
  class space    used 15063K, committed 15680K, reserved 425984K
}
Event: 70.536 GC heap before
{Heap before GC invocations=74 (full 0):
 garbage-first heap   total 253952K, used 221065K [0x0000000080000000, 0x0000000100000000)
  region size 1024K, 13 young (13312K), 2 survivors (2048K)
 Metaspace       used 108820K, committed 110080K, reserved 557056K
  class space    used 15063K, committed 15680K, reserved 425984K
}
Event: 70.539 GC heap after
{Heap after GC invocations=75 (full 0):
 garbage-first heap   total 253952K, used 211946K [0x0000000080000000, 0x0000000100000000)
  region size 1024K, 2 young (2048K), 2 survivors (2048K)
 Metaspace       used 108820K, committed 110080K, reserved 557056K
  class space    used 15063K, committed 15680K, reserved 425984K
}
Event: 70.606 GC heap before
{Heap before GC invocations=75 (full 0):
 garbage-first heap   total 253952K, used 221162K [0x0000000080000000, 0x0000000100000000)
  region size 1024K, 12 young (12288K), 2 survivors (2048K)
 Metaspace       used 108820K, committed 110080K, reserved 557056K
  class space    used 15063K, committed 15680K, reserved 425984K
}
Event: 70.610 GC heap after
{Heap after GC invocations=76 (full 0):
 garbage-first heap   total 253952K, used 212597K [0x0000000080000000, 0x0000000100000000)
  region size 1024K, 2 young (2048K), 2 survivors (2048K)
 Metaspace       used 108820K, committed 110080K, reserved 557056K
  class space    used 15063K, committed 15680K, reserved 425984K
}
Event: 70.658 GC heap before
{Heap before GC invocations=76 (full 0):
 garbage-first heap   total 253952K, used 221813K [0x0000000080000000, 0x0000000100000000)
  region size 1024K, 12 young (12288K), 2 survivors (2048K)
 Metaspace       used 108820K, committed 110080K, reserved 557056K
  class space    used 15063K, committed 15680K, reserved 425984K
}
Event: 71.663 GC heap after
{Heap after GC invocations=77 (full 0):
 garbage-first heap   total 343040K, used 213470K [0x0000000080000000, 0x0000000100000000)
  region size 1024K, 2 young (2048K), 2 survivors (2048K)
 Metaspace       used 108820K, committed 110080K, reserved 557056K
  class space    used 15063K, committed 15680K, reserved 425984K
}
Event: 72.971 GC heap before
{Heap before GC invocations=77 (full 0):
 garbage-first heap   total 343040K, used 286174K [0x0000000080000000, 0x0000000100000000)
  region size 1024K, 72 young (73728K), 2 survivors (2048K)
 Metaspace       used 109248K, committed 110464K, reserved 557056K
  class space    used 15118K, committed 15680K, reserved 425984K
}
Event: 72.981 GC heap after
{Heap after GC invocations=78 (full 0):
 garbage-first heap   total 343040K, used 224188K [0x0000000080000000, 0x0000000100000000)
  region size 1024K, 9 young (9216K), 9 survivors (9216K)
 Metaspace       used 109248K, committed 110464K, reserved 557056K
  class space    used 15118K, committed 15680K, reserved 425984K
}
Event: 73.942 GC heap before
{Heap before GC invocations=78 (full 0):
 garbage-first heap   total 343040K, used 285628K [0x0000000080000000, 0x0000000100000000)
  region size 1024K, 70 young (71680K), 9 survivors (9216K)
 Metaspace       used 109362K, committed 110656K, reserved 557056K
  class space    used 15129K, committed 15744K, reserved 425984K
}
Event: 73.951 GC heap after
{Heap after GC invocations=79 (full 0):
 garbage-first heap   total 343040K, used 228994K [0x0000000080000000, 0x0000000100000000)
  region size 1024K, 7 young (7168K), 7 survivors (7168K)
 Metaspace       used 109362K, committed 110656K, reserved 557056K
  class space    used 15129K, committed 15744K, reserved 425984K
}
Event: 74.453 GC heap before
{Heap before GC invocations=79 (full 0):
 garbage-first heap   total 343040K, used 288386K [0x0000000080000000, 0x0000000100000000)
  region size 1024K, 64 young (65536K), 7 survivors (7168K)
 Metaspace       used 109490K, committed 110784K, reserved 557056K
  class space    used 15148K, committed 15744K, reserved 425984K
}
Event: 74.463 GC heap after
{Heap after GC invocations=80 (full 0):
 garbage-first heap   total 343040K, used 236172K [0x0000000080000000, 0x0000000100000000)
  region size 1024K, 8 young (8192K), 8 survivors (8192K)
 Metaspace       used 109490K, committed 110784K, reserved 557056K
  class space    used 15148K, committed 15744K, reserved 425984K
}
Event: 79.594 GC heap before
{Heap before GC invocations=80 (full 0):
 garbage-first heap   total 343040K, used 278156K [0x0000000080000000, 0x0000000100000000)
  region size 1024K, 50 young (51200K), 8 survivors (8192K)
 Metaspace       used 111671K, committed 112960K, reserved 557056K
  class space    used 15391K, committed 15936K, reserved 425984K
}
Event: 79.607 GC heap after
{Heap after GC invocations=81 (full 0):
 garbage-first heap   total 343040K, used 242535K [0x0000000080000000, 0x0000000100000000)
  region size 1024K, 7 young (7168K), 7 survivors (7168K)
 Metaspace       used 111671K, committed 112960K, reserved 557056K
  class space    used 15391K, committed 15936K, reserved 425984K
}

